[debug] [2026-03-29T10:13:16.515Z] Checked if tokens are valid: false, expires at: 1774753232231
[debug] [2026-03-29T10:13:16.519Z] Checked if tokens are valid: false, expires at: 1774753232231
[debug] [2026-03-29T10:13:16.520Z] > refreshing access token with scopes: []
[debug] [2026-03-29T10:13:16.523Z] >>> [apiv2][query] POST https://www.googleapis.com/oauth2/v3/token [none]
[debug] [2026-03-29T10:13:16.523Z] >>> [apiv2][body] POST https://www.googleapis.com/oauth2/v3/token [omitted]
[debug] [2026-03-29T10:13:16.555Z] Checked if tokens are valid: false, expires at: 1774753232231
[debug] [2026-03-29T10:13:16.556Z] Checked if tokens are valid: false, expires at: 1774753232231
[debug] [2026-03-29T10:13:16.556Z] > refreshing access token with scopes: []
[debug] [2026-03-29T10:13:16.556Z] >>> [apiv2][query] POST https://www.googleapis.com/oauth2/v3/token [none]
[debug] [2026-03-29T10:13:16.557Z] >>> [apiv2][body] POST https://www.googleapis.com/oauth2/v3/token [omitted]
[debug] [2026-03-29T10:13:16.560Z] Checked if tokens are valid: false, expires at: 1774753232231
[debug] [2026-03-29T10:13:16.560Z] Checked if tokens are valid: false, expires at: 1774753232231
[debug] [2026-03-29T10:13:16.560Z] > refreshing access token with scopes: []
[debug] [2026-03-29T10:13:16.560Z] >>> [apiv2][query] POST https://www.googleapis.com/oauth2/v3/token [none]
[debug] [2026-03-29T10:13:16.560Z] >>> [apiv2][body] POST https://www.googleapis.com/oauth2/v3/token [omitted]
[debug] [2026-03-29T10:13:16.562Z] Checked if tokens are valid: false, expires at: 1774753232231
[debug] [2026-03-29T10:13:16.562Z] Checked if tokens are valid: false, expires at: 1774753232231
[debug] [2026-03-29T10:13:16.562Z] > refreshing access token with scopes: []
[debug] [2026-03-29T10:13:16.563Z] >>> [apiv2][query] POST https://www.googleapis.com/oauth2/v3/token [none]
[debug] [2026-03-29T10:13:16.563Z] >>> [apiv2][body] POST https://www.googleapis.com/oauth2/v3/token [omitted]
[debug] [2026-03-29T10:13:16.599Z] Checked if tokens are valid: false, expires at: 1774753232231
[debug] [2026-03-29T10:13:16.599Z] Checked if tokens are valid: false, expires at: 1774753232231
[debug] [2026-03-29T10:13:16.599Z] > refreshing access token with scopes: []
[debug] [2026-03-29T10:13:16.599Z] >>> [apiv2][query] POST https://www.googleapis.com/oauth2/v3/token [none]
[debug] [2026-03-29T10:13:16.600Z] >>> [apiv2][body] POST https://www.googleapis.com/oauth2/v3/token [omitted]
[debug] [2026-03-29T10:13:16.602Z] Checked if tokens are valid: false, expires at: 1774753232231
[debug] [2026-03-29T10:13:16.602Z] Checked if tokens are valid: false, expires at: 1774753232231
[debug] [2026-03-29T10:13:16.602Z] > refreshing access token with scopes: []
[debug] [2026-03-29T10:13:16.602Z] >>> [apiv2][query] POST https://www.googleapis.com/oauth2/v3/token [none]
[debug] [2026-03-29T10:13:16.602Z] >>> [apiv2][body] POST https://www.googleapis.com/oauth2/v3/token [omitted]
[debug] [2026-03-29T10:13:16.604Z] Checked if tokens are valid: false, expires at: 1774753232231
[debug] [2026-03-29T10:13:16.604Z] Checked if tokens are valid: false, expires at: 1774753232231
[debug] [2026-03-29T10:13:16.604Z] > refreshing access token with scopes: []
[debug] [2026-03-29T10:13:16.605Z] >>> [apiv2][query] POST https://www.googleapis.com/oauth2/v3/token [none]
[debug] [2026-03-29T10:13:16.605Z] >>> [apiv2][body] POST https://www.googleapis.com/oauth2/v3/token [omitted]
[debug] [2026-03-29T10:13:16.606Z] Checked if tokens are valid: false, expires at: 1774753232231
[debug] [2026-03-29T10:13:16.606Z] Checked if tokens are valid: false, expires at: 1774753232231
[debug] [2026-03-29T10:13:16.606Z] > refreshing access token with scopes: []
[debug] [2026-03-29T10:13:16.607Z] >>> [apiv2][query] POST https://www.googleapis.com/oauth2/v3/token [none]
[debug] [2026-03-29T10:13:16.607Z] >>> [apiv2][body] POST https://www.googleapis.com/oauth2/v3/token [omitted]
[debug] [2026-03-29T10:13:16.695Z] <<< [apiv2][status] POST https://www.googleapis.com/oauth2/v3/token 200
[debug] [2026-03-29T10:13:16.696Z] <<< [apiv2][body] POST https://www.googleapis.com/oauth2/v3/token [omitted]
[debug] [2026-03-29T10:13:16.705Z] >>> [apiv2][query] GET https://serviceusage.googleapis.com/v1/projects/studio-5170287541-f2fb7/services/firebasecrashlytics.googleapis.com [none]
[debug] [2026-03-29T10:13:16.705Z] >>> [apiv2][(partial)header] GET https://serviceusage.googleapis.com/v1/projects/studio-5170287541-f2fb7/services/firebasecrashlytics.googleapis.com x-goog-quota-user=projects/studio-5170287541-f2fb7
[debug] [2026-03-29T10:13:16.708Z] <<< [apiv2][status] POST https://www.googleapis.com/oauth2/v3/token 200
[debug] [2026-03-29T10:13:16.708Z] <<< [apiv2][body] POST https://www.googleapis.com/oauth2/v3/token [omitted]
[debug] [2026-03-29T10:13:16.714Z] >>> [apiv2][query] GET https://serviceusage.googleapis.com/v1/projects/studio-5170287541-f2fb7/services/ [none]
[debug] [2026-03-29T10:13:16.715Z] >>> [apiv2][(partial)header] GET https://serviceusage.googleapis.com/v1/projects/studio-5170287541-f2fb7/services/ x-goog-quota-user=projects/studio-5170287541-f2fb7
[debug] [2026-03-29T10:13:16.717Z] <<< [apiv2][status] POST https://www.googleapis.com/oauth2/v3/token 200
[debug] [2026-03-29T10:13:16.717Z] <<< [apiv2][body] POST https://www.googleapis.com/oauth2/v3/token [omitted]
[debug] [2026-03-29T10:13:16.724Z] >>> [apiv2][query] GET https://serviceusage.googleapis.com/v1/projects/studio-5170287541-f2fb7/services/firebasedataconnect.googleapis.com [none]
[debug] [2026-03-29T10:13:16.724Z] >>> [apiv2][(partial)header] GET https://serviceusage.googleapis.com/v1/projects/studio-5170287541-f2fb7/services/firebasedataconnect.googleapis.com x-goog-quota-user=projects/studio-5170287541-f2fb7
[debug] [2026-03-29T10:13:16.728Z] <<< [apiv2][status] POST https://www.googleapis.com/oauth2/v3/token 200
[debug] [2026-03-29T10:13:16.728Z] <<< [apiv2][body] POST https://www.googleapis.com/oauth2/v3/token [omitted]
[debug] [2026-03-29T10:13:16.735Z] >>> [apiv2][query] GET https://serviceusage.googleapis.com/v1/projects/studio-5170287541-f2fb7/services/ [none]
[debug] [2026-03-29T10:13:16.735Z] >>> [apiv2][(partial)header] GET https://serviceusage.googleapis.com/v1/projects/studio-5170287541-f2fb7/services/ x-goog-quota-user=projects/studio-5170287541-f2fb7
[debug] [2026-03-29T10:13:16.740Z] <<< [apiv2][status] POST https://www.googleapis.com/oauth2/v3/token 200
[debug] [2026-03-29T10:13:16.740Z] <<< [apiv2][body] POST https://www.googleapis.com/oauth2/v3/token [omitted]
[debug] [2026-03-29T10:13:16.749Z] >>> [apiv2][query] GET https://serviceusage.googleapis.com/v1/projects/studio-5170287541-f2fb7/services/firebaseio.com [none]
[debug] [2026-03-29T10:13:16.749Z] >>> [apiv2][(partial)header] GET https://serviceusage.googleapis.com/v1/projects/studio-5170287541-f2fb7/services/firebaseio.com x-goog-quota-user=projects/studio-5170287541-f2fb7
[debug] [2026-03-29T10:13:16.752Z] <<< [apiv2][status] POST https://www.googleapis.com/oauth2/v3/token 200
[debug] [2026-03-29T10:13:16.752Z] <<< [apiv2][body] POST https://www.googleapis.com/oauth2/v3/token [omitted]
[debug] [2026-03-29T10:13:16.758Z] >>> [apiv2][query] GET https://serviceusage.googleapis.com/v1/projects/studio-5170287541-f2fb7/services/firebasedataconnect.googleapis.com [none]
[debug] [2026-03-29T10:13:16.758Z] >>> [apiv2][(partial)header] GET https://serviceusage.googleapis.com/v1/projects/studio-5170287541-f2fb7/services/firebasedataconnect.googleapis.com x-goog-quota-user=projects/studio-5170287541-f2fb7
[debug] [2026-03-29T10:13:16.760Z] <<< [apiv2][status] POST https://www.googleapis.com/oauth2/v3/token 200
[debug] [2026-03-29T10:13:16.760Z] <<< [apiv2][body] POST https://www.googleapis.com/oauth2/v3/token [omitted]
[debug] [2026-03-29T10:13:16.768Z] >>> [apiv2][query] GET https://serviceusage.googleapis.com/v1/projects/studio-5170287541-f2fb7/services/firebaseio.com [none]
[debug] [2026-03-29T10:13:16.768Z] >>> [apiv2][(partial)header] GET https://serviceusage.googleapis.com/v1/projects/studio-5170287541-f2fb7/services/firebaseio.com x-goog-quota-user=projects/studio-5170287541-f2fb7
[debug] [2026-03-29T10:13:16.770Z] <<< [apiv2][status] POST https://www.googleapis.com/oauth2/v3/token 200
[debug] [2026-03-29T10:13:16.770Z] <<< [apiv2][body] POST https://www.googleapis.com/oauth2/v3/token [omitted]
[debug] [2026-03-29T10:13:16.777Z] >>> [apiv2][query] GET https://serviceusage.googleapis.com/v1/projects/studio-5170287541-f2fb7/services/firebasecrashlytics.googleapis.com [none]
[debug] [2026-03-29T10:13:16.777Z] >>> [apiv2][(partial)header] GET https://serviceusage.googleapis.com/v1/projects/studio-5170287541-f2fb7/services/firebasecrashlytics.googleapis.com x-goog-quota-user=projects/studio-5170287541-f2fb7
[debug] [2026-03-29T10:13:17.699Z] <<< [apiv2][status] GET https://serviceusage.googleapis.com/v1/projects/studio-5170287541-f2fb7/services/firebasedataconnect.googleapis.com 403
[debug] [2026-03-29T10:13:17.699Z] <<< [apiv2][body] GET https://serviceusage.googleapis.com/v1/projects/studio-5170287541-f2fb7/services/firebasedataconnect.googleapis.com [omitted]
[debug] [2026-03-29T10:13:17.711Z] <<< [apiv2][status] GET https://serviceusage.googleapis.com/v1/projects/studio-5170287541-f2fb7/services/firebaseio.com 403
[debug] [2026-03-29T10:13:17.711Z] <<< [apiv2][body] GET https://serviceusage.googleapis.com/v1/projects/studio-5170287541-f2fb7/services/firebaseio.com [omitted]
[debug] [2026-03-29T10:13:17.714Z] <<< [apiv2][status] GET https://serviceusage.googleapis.com/v1/projects/studio-5170287541-f2fb7/services/ 403
[debug] [2026-03-29T10:13:17.714Z] <<< [apiv2][body] GET https://serviceusage.googleapis.com/v1/projects/studio-5170287541-f2fb7/services/ [omitted]
[debug] [2026-03-29T10:13:17.715Z] <<< [apiv2][status] GET https://serviceusage.googleapis.com/v1/projects/studio-5170287541-f2fb7/services/firebasecrashlytics.googleapis.com 403
[debug] [2026-03-29T10:13:17.715Z] <<< [apiv2][body] GET https://serviceusage.googleapis.com/v1/projects/studio-5170287541-f2fb7/services/firebasecrashlytics.googleapis.com [omitted]
[debug] [2026-03-29T10:13:18.484Z] <<< [apiv2][status] GET https://serviceusage.googleapis.com/v1/projects/studio-5170287541-f2fb7/services/firebasecrashlytics.googleapis.com 403
[debug] [2026-03-29T10:13:18.484Z] <<< [apiv2][body] GET https://serviceusage.googleapis.com/v1/projects/studio-5170287541-f2fb7/services/firebasecrashlytics.googleapis.com [omitted]
[debug] [2026-03-29T10:13:18.484Z] <<< [apiv2][status] GET https://serviceusage.googleapis.com/v1/projects/studio-5170287541-f2fb7/services/firebasedataconnect.googleapis.com 403
[debug] [2026-03-29T10:13:18.484Z] <<< [apiv2][body] GET https://serviceusage.googleapis.com/v1/projects/studio-5170287541-f2fb7/services/firebasedataconnect.googleapis.com [omitted]
[debug] [2026-03-29T10:13:18.609Z] <<< [apiv2][status] GET https://serviceusage.googleapis.com/v1/projects/studio-5170287541-f2fb7/services/ 403
[debug] [2026-03-29T10:13:18.609Z] <<< [apiv2][body] GET https://serviceusage.googleapis.com/v1/projects/studio-5170287541-f2fb7/services/ [omitted]
[debug] [2026-03-29T10:13:18.611Z] <<< [apiv2][status] GET https://serviceusage.googleapis.com/v1/projects/studio-5170287541-f2fb7/services/firebaseio.com 403
[debug] [2026-03-29T10:13:18.611Z] <<< [apiv2][body] GET https://serviceusage.googleapis.com/v1/projects/studio-5170287541-f2fb7/services/firebaseio.com [omitted]
[debug] [2026-03-29T10:13:18.617Z] > command requires scopes: ["email","openid","https://www.googleapis.com/auth/cloudplatformprojects.readonly","https://www.googleapis.com/auth/firebase","https://www.googleapis.com/auth/cloud-platform"]
[debug] [2026-03-29T10:13:18.617Z] > authorizing via signed-in user (donkeyhotshow@gmail.com)
[debug] [2026-03-29T10:25:24.582Z] > command requires scopes: ["email","openid","https://www.googleapis.com/auth/cloudplatformprojects.readonly","https://www.googleapis.com/auth/firebase","https://www.googleapis.com/auth/cloud-platform"]
[debug] [2026-03-29T10:25:24.582Z] > authorizing via signed-in user (donkeyhotshow@gmail.com)
[debug] [2026-03-29T10:25:25.653Z] > command requires scopes: ["email","openid","https://www.googleapis.com/auth/cloudplatformprojects.readonly","https://www.googleapis.com/auth/firebase","https://www.googleapis.com/auth/cloud-platform"]
[debug] [2026-03-29T10:25:25.653Z] > authorizing via signed-in user (donkeyhotshow@gmail.com)
[debug] [2026-03-29T10:25:25.678Z] > command requires scopes: ["email","openid","https://www.googleapis.com/auth/cloudplatformprojects.readonly","https://www.googleapis.com/auth/firebase","https://www.googleapis.com/auth/cloud-platform"]
[debug] [2026-03-29T10:25:25.678Z] > authorizing via signed-in user (donkeyhotshow@gmail.com)
[debug] [2026-03-29T10:25:25.679Z] > command requires scopes: ["email","openid","https://www.googleapis.com/auth/cloudplatformprojects.readonly","https://www.googleapis.com/auth/firebase","https://www.googleapis.com/auth/cloud-platform"]
[debug] [2026-03-29T10:25:25.679Z] > authorizing via signed-in user (donkeyhotshow@gmail.com)
[debug] [2026-03-29T10:25:25.983Z] > command requires scopes: ["email","openid","https://www.googleapis.com/auth/cloudplatformprojects.readonly","https://www.googleapis.com/auth/firebase","https://www.googleapis.com/auth/cloud-platform"]
[debug] [2026-03-29T10:25:25.984Z] > authorizing via signed-in user (donkeyhotshow@gmail.com)
[debug] [2026-03-29T10:25:26.005Z] > command requires scopes: ["email","openid","https://www.googleapis.com/auth/cloudplatformprojects.readonly","https://www.googleapis.com/auth/firebase","https://www.googleapis.com/auth/cloud-platform"]
[debug] [2026-03-29T10:25:26.006Z] > authorizing via signed-in user (donkeyhotshow@gmail.com)
[debug] [2026-03-29T10:25:26.006Z] > command requires scopes: ["email","openid","https://www.googleapis.com/auth/cloudplatformprojects.readonly","https://www.googleapis.com/auth/firebase","https://www.googleapis.com/auth/cloud-platform"]
[debug] [2026-03-29T10:25:26.006Z] > authorizing via signed-in user (donkeyhotshow@gmail.com)
[debug] [2026-03-29T10:25:32.672Z] > command requires scopes: ["email","openid","https://www.googleapis.com/auth/cloudplatformprojects.readonly","https://www.googleapis.com/auth/firebase","https://www.googleapis.com/auth/cloud-platform"]
[debug] [2026-03-29T10:25:32.673Z] > authorizing via signed-in user (donkeyhotshow@gmail.com)
[debug] [2026-03-29T10:25:32.908Z] > command requires scopes: ["email","openid","https://www.googleapis.com/auth/cloudplatformprojects.readonly","https://www.googleapis.com/auth/firebase","https://www.googleapis.com/auth/cloud-platform"]
[debug] [2026-03-29T10:25:32.909Z] > authorizing via signed-in user (donkeyhotshow@gmail.com)
[debug] [2026-03-29T10:25:32.909Z] > command requires scopes: ["email","openid","https://www.googleapis.com/auth/cloudplatformprojects.readonly","https://www.googleapis.com/auth/firebase","https://www.googleapis.com/auth/cloud-platform"]
[debug] [2026-03-29T10:25:32.909Z] > authorizing via signed-in user (donkeyhotshow@gmail.com)
[debug] [2026-03-29T10:25:34.409Z] > command requires scopes: ["email","openid","https://www.googleapis.com/auth/cloudplatformprojects.readonly","https://www.googleapis.com/auth/firebase","https://www.googleapis.com/auth/cloud-platform"]
[debug] [2026-03-29T10:25:34.409Z] > authorizing via signed-in user (donkeyhotshow@gmail.com)
[debug] [2026-03-29T10:25:34.515Z] > command requires scopes: ["email","openid","https://www.googleapis.com/auth/cloudplatformprojects.readonly","https://www.googleapis.com/auth/firebase","https://www.googleapis.com/auth/cloud-platform"]
[debug] [2026-03-29T10:25:34.515Z] > authorizing via signed-in user (donkeyhotshow@gmail.com)
[debug] [2026-03-29T10:25:34.516Z] > command requires scopes: ["email","openid","https://www.googleapis.com/auth/cloudplatformprojects.readonly","https://www.googleapis.com/auth/firebase","https://www.googleapis.com/auth/cloud-platform"]
[debug] [2026-03-29T10:25:34.516Z] > authorizing via signed-in user (donkeyhotshow@gmail.com)
[debug] [2026-03-29T10:25:34.516Z] > command requires scopes: ["email","openid","https://www.googleapis.com/auth/cloudplatformprojects.readonly","https://www.googleapis.com/auth/firebase","https://www.googleapis.com/auth/cloud-platform"]
[debug] [2026-03-29T10:25:34.516Z] > authorizing via signed-in user (donkeyhotshow@gmail.com)
[debug] [2026-03-29T10:25:34.516Z] > command requires scopes: ["email","openid","https://www.googleapis.com/auth/cloudplatformprojects.readonly","https://www.googleapis.com/auth/firebase","https://www.googleapis.com/auth/cloud-platform"]
[debug] [2026-03-29T10:25:34.517Z] > authorizing via signed-in user (donkeyhotshow@gmail.com)
[debug] [2026-03-29T10:25:34.517Z] > command requires scopes: ["email","openid","https://www.googleapis.com/auth/cloudplatformprojects.readonly","https://www.googleapis.com/auth/firebase","https://www.googleapis.com/auth/cloud-platform"]
[debug] [2026-03-29T10:25:34.517Z] > authorizing via signed-in user (donkeyhotshow@gmail.com)
[debug] [2026-03-29T10:25:35.321Z] > command requires scopes: ["email","openid","https://www.googleapis.com/auth/cloudplatformprojects.readonly","https://www.googleapis.com/auth/firebase","https://www.googleapis.com/auth/cloud-platform"]
[debug] [2026-03-29T10:25:35.321Z] > authorizing via signed-in user (donkeyhotshow@gmail.com)
[debug] [2026-03-29T10:25:35.321Z] > command requires scopes: ["email","openid","https://www.googleapis.com/auth/cloudplatformprojects.readonly","https://www.googleapis.com/auth/firebase","https://www.googleapis.com/auth/cloud-platform"]
[debug] [2026-03-29T10:25:35.321Z] > authorizing via signed-in user (donkeyhotshow@gmail.com)
[debug] [2026-03-29T10:25:35.321Z] > command requires scopes: ["email","openid","https://www.googleapis.com/auth/cloudplatformprojects.readonly","https://www.googleapis.com/auth/firebase","https://www.googleapis.com/auth/cloud-platform"]
[debug] [2026-03-29T10:25:35.322Z] > authorizing via signed-in user (donkeyhotshow@gmail.com)
[debug] [2026-03-29T10:25:35.906Z] > command requires scopes: ["email","openid","https://www.googleapis.com/auth/cloudplatformprojects.readonly","https://www.googleapis.com/auth/firebase","https://www.googleapis.com/auth/cloud-platform"]
[debug] [2026-03-29T10:25:35.907Z] > authorizing via signed-in user (donkeyhotshow@gmail.com)
[debug] [2026-03-29T10:25:36.152Z] > command requires scopes: ["email","openid","https://www.googleapis.com/auth/cloudplatformprojects.readonly","https://www.googleapis.com/auth/firebase","https://www.googleapis.com/auth/cloud-platform"]
[debug] [2026-03-29T10:25:36.153Z] > authorizing via signed-in user (donkeyhotshow@gmail.com)
[debug] [2026-03-29T10:25:36.153Z] > command requires scopes: ["email","openid","https://www.googleapis.com/auth/cloudplatformprojects.readonly","https://www.googleapis.com/auth/firebase","https://www.googleapis.com/auth/cloud-platform"]
[debug] [2026-03-29T10:25:36.153Z] > authorizing via signed-in user (donkeyhotshow@gmail.com)
[debug] [2026-03-29T10:26:28.202Z] Checked if tokens are valid: true, expires at: 1774782795770
[debug] [2026-03-29T10:26:28.211Z] Checked if tokens are valid: true, expires at: 1774782795770
[debug] [2026-03-29T10:26:28.213Z] Checked if tokens are valid: true, expires at: 1774782795770
[debug] [2026-03-29T10:26:28.214Z] Checked if tokens are valid: true, expires at: 1774782795770
[debug] [2026-03-29T10:26:28.216Z] Checked if tokens are valid: true, expires at: 1774782795770
[debug] [2026-03-29T10:26:28.217Z] Checked if tokens are valid: true, expires at: 1774782795770
[debug] [2026-03-29T10:26:28.220Z] Checked if tokens are valid: true, expires at: 1774782795770
[debug] [2026-03-29T10:26:28.220Z] Checked if tokens are valid: true, expires at: 1774782795770
[debug] [2026-03-29T10:26:28.224Z] >>> [apiv2][query] GET https://serviceusage.googleapis.com/v1/projects/studio-5170287541-f2fb7/services/ [none]
[debug] [2026-03-29T10:26:28.225Z] >>> [apiv2][(partial)header] GET https://serviceusage.googleapis.com/v1/projects/studio-5170287541-f2fb7/services/ x-goog-quota-user=projects/studio-5170287541-f2fb7
[debug] [2026-03-29T10:26:28.282Z] >>> [apiv2][query] GET https://serviceusage.googleapis.com/v1/projects/studio-5170287541-f2fb7/services/firebasedataconnect.googleapis.com [none]
[debug] [2026-03-29T10:26:28.283Z] >>> [apiv2][(partial)header] GET https://serviceusage.googleapis.com/v1/projects/studio-5170287541-f2fb7/services/firebasedataconnect.googleapis.com x-goog-quota-user=projects/studio-5170287541-f2fb7
[debug] [2026-03-29T10:26:28.286Z] >>> [apiv2][query] GET https://serviceusage.googleapis.com/v1/projects/studio-5170287541-f2fb7/services/firebasecrashlytics.googleapis.com [none]
[debug] [2026-03-29T10:26:28.286Z] >>> [apiv2][(partial)header] GET https://serviceusage.googleapis.com/v1/projects/studio-5170287541-f2fb7/services/firebasecrashlytics.googleapis.com x-goog-quota-user=projects/studio-5170287541-f2fb7
[debug] [2026-03-29T10:26:28.288Z] >>> [apiv2][query] GET https://serviceusage.googleapis.com/v1/projects/studio-5170287541-f2fb7/services/firebaseio.com [none]
[debug] [2026-03-29T10:26:28.289Z] >>> [apiv2][(partial)header] GET https://serviceusage.googleapis.com/v1/projects/studio-5170287541-f2fb7/services/firebaseio.com x-goog-quota-user=projects/studio-5170287541-f2fb7
[debug] [2026-03-29T10:26:28.343Z] Checked if tokens are valid: true, expires at: 1774782795770
[debug] [2026-03-29T10:26:28.343Z] Checked if tokens are valid: true, expires at: 1774782795770
[debug] [2026-03-29T10:26:28.345Z] Checked if tokens are valid: true, expires at: 1774782795770
[debug] [2026-03-29T10:26:28.345Z] Checked if tokens are valid: true, expires at: 1774782795770
[debug] [2026-03-29T10:26:28.346Z] Checked if tokens are valid: true, expires at: 1774782795770
[debug] [2026-03-29T10:26:28.347Z] Checked if tokens are valid: true, expires at: 1774782795770
[debug] [2026-03-29T10:26:28.347Z] Checked if tokens are valid: true, expires at: 1774782795770
[debug] [2026-03-29T10:26:28.348Z] Checked if tokens are valid: true, expires at: 1774782795770
[debug] [2026-03-29T10:26:28.348Z] >>> [apiv2][query] GET https://serviceusage.googleapis.com/v1/projects/studio-5170287541-f2fb7/services/ [none]
[debug] [2026-03-29T10:26:28.348Z] >>> [apiv2][(partial)header] GET https://serviceusage.googleapis.com/v1/projects/studio-5170287541-f2fb7/services/ x-goog-quota-user=projects/studio-5170287541-f2fb7
[debug] [2026-03-29T10:26:28.352Z] >>> [apiv2][query] GET https://serviceusage.googleapis.com/v1/projects/studio-5170287541-f2fb7/services/firebasedataconnect.googleapis.com [none]
[debug] [2026-03-29T10:26:28.352Z] >>> [apiv2][(partial)header] GET https://serviceusage.googleapis.com/v1/projects/studio-5170287541-f2fb7/services/firebasedataconnect.googleapis.com x-goog-quota-user=projects/studio-5170287541-f2fb7
[debug] [2026-03-29T10:26:28.355Z] >>> [apiv2][query] GET https://serviceusage.googleapis.com/v1/projects/studio-5170287541-f2fb7/services/firebasecrashlytics.googleapis.com [none]
[debug] [2026-03-29T10:26:28.355Z] >>> [apiv2][(partial)header] GET https://serviceusage.googleapis.com/v1/projects/studio-5170287541-f2fb7/services/firebasecrashlytics.googleapis.com x-goog-quota-user=projects/studio-5170287541-f2fb7
[debug] [2026-03-29T10:26:28.358Z] >>> [apiv2][query] GET https://serviceusage.googleapis.com/v1/projects/studio-5170287541-f2fb7/services/firebaseio.com [none]
[debug] [2026-03-29T10:26:28.358Z] >>> [apiv2][(partial)header] GET https://serviceusage.googleapis.com/v1/projects/studio-5170287541-f2fb7/services/firebaseio.com x-goog-quota-user=projects/studio-5170287541-f2fb7
[debug] [2026-03-29T10:26:29.293Z] <<< [apiv2][status] GET https://serviceusage.googleapis.com/v1/projects/studio-5170287541-f2fb7/services/firebaseio.com 403
[debug] [2026-03-29T10:26:29.293Z] <<< [apiv2][body] GET https://serviceusage.googleapis.com/v1/projects/studio-5170287541-f2fb7/services/firebaseio.com [omitted]
[debug] [2026-03-29T10:26:29.314Z] <<< [apiv2][status] GET https://serviceusage.googleapis.com/v1/projects/studio-5170287541-f2fb7/services/firebasecrashlytics.googleapis.com 403
[debug] [2026-03-29T10:26:29.314Z] <<< [apiv2][body] GET https://serviceusage.googleapis.com/v1/projects/studio-5170287541-f2fb7/services/firebasecrashlytics.googleapis.com [omitted]
[debug] [2026-03-29T10:26:29.322Z] <<< [apiv2][status] GET https://serviceusage.googleapis.com/v1/projects/studio-5170287541-f2fb7/services/firebasedataconnect.googleapis.com 403
[debug] [2026-03-29T10:26:29.322Z] <<< [apiv2][body] GET https://serviceusage.googleapis.com/v1/projects/studio-5170287541-f2fb7/services/firebasedataconnect.googleapis.com [omitted]
[debug] [2026-03-29T10:26:29.323Z] <<< [apiv2][status] GET https://serviceusage.googleapis.com/v1/projects/studio-5170287541-f2fb7/services/ 403
[debug] [2026-03-29T10:26:29.323Z] <<< [apiv2][body] GET https://serviceusage.googleapis.com/v1/projects/studio-5170287541-f2fb7/services/ [omitted]
[debug] [2026-03-29T10:26:30.078Z] <<< [apiv2][status] GET https://serviceusage.googleapis.com/v1/projects/studio-5170287541-f2fb7/services/firebasedataconnect.googleapis.com 403
[debug] [2026-03-29T10:26:30.078Z] <<< [apiv2][body] GET https://serviceusage.googleapis.com/v1/projects/studio-5170287541-f2fb7/services/firebasedataconnect.googleapis.com [omitted]
[debug] [2026-03-29T10:26:30.080Z] <<< [apiv2][status] GET https://serviceusage.googleapis.com/v1/projects/studio-5170287541-f2fb7/services/firebasecrashlytics.googleapis.com 403
[debug] [2026-03-29T10:26:30.080Z] <<< [apiv2][body] GET https://serviceusage.googleapis.com/v1/projects/studio-5170287541-f2fb7/services/firebasecrashlytics.googleapis.com [omitted]
[debug] [2026-03-29T10:26:30.084Z] <<< [apiv2][status] GET https://serviceusage.googleapis.com/v1/projects/studio-5170287541-f2fb7/services/ 403
[debug] [2026-03-29T10:26:30.085Z] <<< [apiv2][body] GET https://serviceusage.googleapis.com/v1/projects/studio-5170287541-f2fb7/services/ [omitted]
[debug] [2026-03-29T10:26:30.290Z] <<< [apiv2][status] GET https://serviceusage.googleapis.com/v1/projects/studio-5170287541-f2fb7/services/firebaseio.com 403
[debug] [2026-03-29T10:26:30.290Z] <<< [apiv2][body] GET https://serviceusage.googleapis.com/v1/projects/studio-5170287541-f2fb7/services/firebaseio.com [omitted]
[debug] [2026-03-29T10:26:30.295Z] > command requires scopes: ["email","openid","https://www.googleapis.com/auth/cloudplatformprojects.readonly","https://www.googleapis.com/auth/firebase","https://www.googleapis.com/auth/cloud-platform"]
[debug] [2026-03-29T10:26:30.295Z] > authorizing via signed-in user (donkeyhotshow@gmail.com)
[debug] [2026-03-29T10:26:30.313Z] > command requires scopes: ["email","openid","https://www.googleapis.com/auth/cloudplatformprojects.readonly","https://www.googleapis.com/auth/firebase","https://www.googleapis.com/auth/cloud-platform"]
[debug] [2026-03-29T10:26:30.313Z] > authorizing via signed-in user (donkeyhotshow@gmail.com)
[debug] [2026-03-29T10:27:03.347Z] Checked if tokens are valid: true, expires at: 1774782795770
[debug] [2026-03-29T10:27:03.352Z] Checked if tokens are valid: true, expires at: 1774782795770
[debug] [2026-03-29T10:27:03.353Z] Checked if tokens are valid: true, expires at: 1774782795770
[debug] [2026-03-29T10:27:03.354Z] Checked if tokens are valid: true, expires at: 1774782795770
[debug] [2026-03-29T10:27:03.355Z] Checked if tokens are valid: true, expires at: 1774782795770
[debug] [2026-03-29T10:27:03.355Z] Checked if tokens are valid: true, expires at: 1774782795770
[debug] [2026-03-29T10:27:03.356Z] Checked if tokens are valid: true, expires at: 1774782795770
[debug] [2026-03-29T10:27:03.356Z] Checked if tokens are valid: true, expires at: 1774782795770
[debug] [2026-03-29T10:27:03.358Z] >>> [apiv2][query] GET https://serviceusage.googleapis.com/v1/projects/studio-5170287541-f2fb7/services/ [none]
[debug] [2026-03-29T10:27:03.359Z] >>> [apiv2][(partial)header] GET https://serviceusage.googleapis.com/v1/projects/studio-5170287541-f2fb7/services/ x-goog-quota-user=projects/studio-5170287541-f2fb7
[debug] [2026-03-29T10:27:03.441Z] >>> [apiv2][query] GET https://serviceusage.googleapis.com/v1/projects/studio-5170287541-f2fb7/services/firebasedataconnect.googleapis.com [none]
[debug] [2026-03-29T10:27:03.441Z] >>> [apiv2][(partial)header] GET https://serviceusage.googleapis.com/v1/projects/studio-5170287541-f2fb7/services/firebasedataconnect.googleapis.com x-goog-quota-user=projects/studio-5170287541-f2fb7
[debug] [2026-03-29T10:27:03.445Z] >>> [apiv2][query] GET https://serviceusage.googleapis.com/v1/projects/studio-5170287541-f2fb7/services/firebasecrashlytics.googleapis.com [none]
[debug] [2026-03-29T10:27:03.446Z] >>> [apiv2][(partial)header] GET https://serviceusage.googleapis.com/v1/projects/studio-5170287541-f2fb7/services/firebasecrashlytics.googleapis.com x-goog-quota-user=projects/studio-5170287541-f2fb7
[debug] [2026-03-29T10:27:03.448Z] >>> [apiv2][query] GET https://serviceusage.googleapis.com/v1/projects/studio-5170287541-f2fb7/services/firebaseio.com [none]
[debug] [2026-03-29T10:27:03.448Z] >>> [apiv2][(partial)header] GET https://serviceusage.googleapis.com/v1/projects/studio-5170287541-f2fb7/services/firebaseio.com x-goog-quota-user=projects/studio-5170287541-f2fb7
[debug] [2026-03-29T10:27:04.294Z] <<< [apiv2][status] GET https://serviceusage.googleapis.com/v1/projects/studio-5170287541-f2fb7/services/firebasecrashlytics.googleapis.com 403
[debug] [2026-03-29T10:27:04.295Z] <<< [apiv2][body] GET https://serviceusage.googleapis.com/v1/projects/studio-5170287541-f2fb7/services/firebasecrashlytics.googleapis.com [omitted]
[debug] [2026-03-29T10:27:04.390Z] <<< [apiv2][status] GET https://serviceusage.googleapis.com/v1/projects/studio-5170287541-f2fb7/services/ 403
[debug] [2026-03-29T10:27:04.390Z] <<< [apiv2][body] GET https://serviceusage.googleapis.com/v1/projects/studio-5170287541-f2fb7/services/ [omitted]
[debug] [2026-03-29T10:27:04.392Z] <<< [apiv2][status] GET https://serviceusage.googleapis.com/v1/projects/studio-5170287541-f2fb7/services/firebasedataconnect.googleapis.com 403
[debug] [2026-03-29T10:27:04.392Z] <<< [apiv2][body] GET https://serviceusage.googleapis.com/v1/projects/studio-5170287541-f2fb7/services/firebasedataconnect.googleapis.com [omitted]
[debug] [2026-03-29T10:27:04.485Z] <<< [apiv2][status] GET https://serviceusage.googleapis.com/v1/projects/studio-5170287541-f2fb7/services/firebaseio.com 403
[debug] [2026-03-29T10:27:04.485Z] <<< [apiv2][body] GET https://serviceusage.googleapis.com/v1/projects/studio-5170287541-f2fb7/services/firebaseio.com [omitted]
[debug] [2026-03-29T13:08:24.019Z] Checked if tokens are valid: false, expires at: 1774789836260
[debug] [2026-03-29T13:08:24.028Z] Checked if tokens are valid: false, expires at: 1774789836260
[debug] [2026-03-29T13:08:24.029Z] > refreshing access token with scopes: []
[debug] [2026-03-29T13:08:24.035Z] >>> [apiv2][query] POST https://www.googleapis.com/oauth2/v3/token [none]
[debug] [2026-03-29T13:08:24.036Z] >>> [apiv2][body] POST https://www.googleapis.com/oauth2/v3/token [omitted]
[debug] [2026-03-29T13:08:24.456Z] Checked if tokens are valid: false, expires at: 1774789836260
[debug] [2026-03-29T13:08:24.457Z] Checked if tokens are valid: false, expires at: 1774789836260
[debug] [2026-03-29T13:08:24.457Z] > refreshing access token with scopes: []
[debug] [2026-03-29T13:08:24.459Z] >>> [apiv2][query] POST https://www.googleapis.com/oauth2/v3/token [none]
[debug] [2026-03-29T13:08:24.459Z] >>> [apiv2][body] POST https://www.googleapis.com/oauth2/v3/token [omitted]
[debug] [2026-03-29T13:08:24.465Z] Checked if tokens are valid: false, expires at: 1774789836260
[debug] [2026-03-29T13:08:24.466Z] Checked if tokens are valid: false, expires at: 1774789836260
[debug] [2026-03-29T13:08:24.466Z] > refreshing access token with scopes: []
[debug] [2026-03-29T13:08:24.467Z] >>> [apiv2][query] POST https://www.googleapis.com/oauth2/v3/token [none]
[debug] [2026-03-29T13:08:24.467Z] >>> [apiv2][body] POST https://www.googleapis.com/oauth2/v3/token [omitted]
[debug] [2026-03-29T13:08:24.470Z] Checked if tokens are valid: false, expires at: 1774789836260
[debug] [2026-03-29T13:08:24.470Z] Checked if tokens are valid: false, expires at: 1774789836260
[debug] [2026-03-29T13:08:24.470Z] > refreshing access token with scopes: []
[debug] [2026-03-29T13:08:24.471Z] >>> [apiv2][query] POST https://www.googleapis.com/oauth2/v3/token [none]
[debug] [2026-03-29T13:08:24.471Z] >>> [apiv2][body] POST https://www.googleapis.com/oauth2/v3/token [omitted]
[debug] [2026-03-29T13:08:25.177Z] <<< [apiv2][status] POST https://www.googleapis.com/oauth2/v3/token 200
[debug] [2026-03-29T13:08:25.178Z] <<< [apiv2][body] POST https://www.googleapis.com/oauth2/v3/token [omitted]
[debug] [2026-03-29T13:08:25.296Z] >>> [apiv2][query] GET https://serviceusage.googleapis.com/v1/projects/studio-5170287541-f2fb7/services/firebasecrashlytics.googleapis.com [none]
[debug] [2026-03-29T13:08:25.297Z] >>> [apiv2][(partial)header] GET https://serviceusage.googleapis.com/v1/projects/studio-5170287541-f2fb7/services/firebasecrashlytics.googleapis.com x-goog-quota-user=projects/studio-5170287541-f2fb7
[debug] [2026-03-29T13:08:25.303Z] <<< [apiv2][status] POST https://www.googleapis.com/oauth2/v3/token 200
[debug] [2026-03-29T13:08:25.303Z] <<< [apiv2][body] POST https://www.googleapis.com/oauth2/v3/token [omitted]
[debug] [2026-03-29T13:08:25.316Z] >>> [apiv2][query] GET https://serviceusage.googleapis.com/v1/projects/studio-5170287541-f2fb7/services/firebaseio.com [none]
[debug] [2026-03-29T13:08:25.316Z] >>> [apiv2][(partial)header] GET https://serviceusage.googleapis.com/v1/projects/studio-5170287541-f2fb7/services/firebaseio.com x-goog-quota-user=projects/studio-5170287541-f2fb7
[debug] [2026-03-29T13:08:25.320Z] <<< [apiv2][status] POST https://www.googleapis.com/oauth2/v3/token 200
[debug] [2026-03-29T13:08:25.320Z] <<< [apiv2][body] POST https://www.googleapis.com/oauth2/v3/token [omitted]
[debug] [2026-03-29T13:08:25.333Z] >>> [apiv2][query] GET https://serviceusage.googleapis.com/v1/projects/studio-5170287541-f2fb7/services/ [none]
[debug] [2026-03-29T13:08:25.333Z] >>> [apiv2][(partial)header] GET https://serviceusage.googleapis.com/v1/projects/studio-5170287541-f2fb7/services/ x-goog-quota-user=projects/studio-5170287541-f2fb7
[debug] [2026-03-29T13:08:25.337Z] <<< [apiv2][status] POST https://www.googleapis.com/oauth2/v3/token 200
[debug] [2026-03-29T13:08:25.338Z] <<< [apiv2][body] POST https://www.googleapis.com/oauth2/v3/token [omitted]
[debug] [2026-03-29T13:08:25.356Z] >>> [apiv2][query] GET https://serviceusage.googleapis.com/v1/projects/studio-5170287541-f2fb7/services/firebasedataconnect.googleapis.com [none]
[debug] [2026-03-29T13:08:25.356Z] >>> [apiv2][(partial)header] GET https://serviceusage.googleapis.com/v1/projects/studio-5170287541-f2fb7/services/firebasedataconnect.googleapis.com x-goog-quota-user=projects/studio-5170287541-f2fb7
[debug] [2026-03-29T13:08:26.346Z] <<< [apiv2][status] GET https://serviceusage.googleapis.com/v1/projects/studio-5170287541-f2fb7/services/firebasedataconnect.googleapis.com 403
[debug] [2026-03-29T13:08:26.347Z] <<< [apiv2][body] GET https://serviceusage.googleapis.com/v1/projects/studio-5170287541-f2fb7/services/firebasedataconnect.googleapis.com [omitted]
[debug] [2026-03-29T13:08:26.350Z] <<< [apiv2][status] GET https://serviceusage.googleapis.com/v1/projects/studio-5170287541-f2fb7/services/ 403
[debug] [2026-03-29T13:08:26.351Z] <<< [apiv2][body] GET https://serviceusage.googleapis.com/v1/projects/studio-5170287541-f2fb7/services/ [omitted]
[debug] [2026-03-29T13:08:26.352Z] <<< [apiv2][status] GET https://serviceusage.googleapis.com/v1/projects/studio-5170287541-f2fb7/services/firebasecrashlytics.googleapis.com 403
[debug] [2026-03-29T13:08:26.352Z] <<< [apiv2][body] GET https://serviceusage.googleapis.com/v1/projects/studio-5170287541-f2fb7/services/firebasecrashlytics.googleapis.com [omitted]
[debug] [2026-03-29T13:08:26.445Z] <<< [apiv2][status] GET https://serviceusage.googleapis.com/v1/projects/studio-5170287541-f2fb7/services/firebaseio.com 403
[debug] [2026-03-29T13:08:26.445Z] <<< [apiv2][body] GET https://serviceusage.googleapis.com/v1/projects/studio-5170287541-f2fb7/services/firebaseio.com [omitted]
[debug] [2026-03-29T13:08:48.499Z] Checked if tokens are valid: true, expires at: 1774793304338
[debug] [2026-03-29T13:08:48.505Z] Checked if tokens are valid: true, expires at: 1774793304338
[debug] [2026-03-29T13:08:48.507Z] Checked if tokens are valid: true, expires at: 1774793304338
[debug] [2026-03-29T13:08:48.507Z] Checked if tokens are valid: true, expires at: 1774793304338
[debug] [2026-03-29T13:08:48.509Z] Checked if tokens are valid: true, expires at: 1774793304338
[debug] [2026-03-29T13:08:48.510Z] Checked if tokens are valid: true, expires at: 1774793304338
[debug] [2026-03-29T13:08:48.511Z] Checked if tokens are valid: true, expires at: 1774793304338
[debug] [2026-03-29T13:08:48.511Z] Checked if tokens are valid: true, expires at: 1774793304338
[debug] [2026-03-29T13:08:48.514Z] >>> [apiv2][query] GET https://serviceusage.googleapis.com/v1/projects/studio-5170287541-f2fb7/services/ [none]
[debug] [2026-03-29T13:08:48.514Z] >>> [apiv2][(partial)header] GET https://serviceusage.googleapis.com/v1/projects/studio-5170287541-f2fb7/services/ x-goog-quota-user=projects/studio-5170287541-f2fb7
[debug] [2026-03-29T13:08:48.574Z] >>> [apiv2][query] GET https://serviceusage.googleapis.com/v1/projects/studio-5170287541-f2fb7/services/firebasedataconnect.googleapis.com [none]
[debug] [2026-03-29T13:08:48.574Z] >>> [apiv2][(partial)header] GET https://serviceusage.googleapis.com/v1/projects/studio-5170287541-f2fb7/services/firebasedataconnect.googleapis.com x-goog-quota-user=projects/studio-5170287541-f2fb7
[debug] [2026-03-29T13:08:48.577Z] >>> [apiv2][query] GET https://serviceusage.googleapis.com/v1/projects/studio-5170287541-f2fb7/services/firebasecrashlytics.googleapis.com [none]
[debug] [2026-03-29T13:08:48.577Z] >>> [apiv2][(partial)header] GET https://serviceusage.googleapis.com/v1/projects/studio-5170287541-f2fb7/services/firebasecrashlytics.googleapis.com x-goog-quota-user=projects/studio-5170287541-f2fb7
[debug] [2026-03-29T13:08:48.578Z] >>> [apiv2][query] GET https://serviceusage.googleapis.com/v1/projects/studio-5170287541-f2fb7/services/firebaseio.com [none]
[debug] [2026-03-29T13:08:48.579Z] >>> [apiv2][(partial)header] GET https://serviceusage.googleapis.com/v1/projects/studio-5170287541-f2fb7/services/firebaseio.com x-goog-quota-user=projects/studio-5170287541-f2fb7
[debug] [2026-03-29T13:08:49.441Z] <<< [apiv2][status] GET https://serviceusage.googleapis.com/v1/projects/studio-5170287541-f2fb7/services/firebasedataconnect.googleapis.com 403
[debug] [2026-03-29T13:08:49.441Z] <<< [apiv2][body] GET https://serviceusage.googleapis.com/v1/projects/studio-5170287541-f2fb7/services/firebasedataconnect.googleapis.com [omitted]
[debug] [2026-03-29T13:08:49.534Z] <<< [apiv2][status] GET https://serviceusage.googleapis.com/v1/projects/studio-5170287541-f2fb7/services/firebaseio.com 403
[debug] [2026-03-29T13:08:49.534Z] <<< [apiv2][body] GET https://serviceusage.googleapis.com/v1/projects/studio-5170287541-f2fb7/services/firebaseio.com [omitted]
[debug] [2026-03-29T13:08:49.535Z] <<< [apiv2][status] GET https://serviceusage.googleapis.com/v1/projects/studio-5170287541-f2fb7/services/firebasecrashlytics.googleapis.com 403
[debug] [2026-03-29T13:08:49.535Z] <<< [apiv2][body] GET https://serviceusage.googleapis.com/v1/projects/studio-5170287541-f2fb7/services/firebasecrashlytics.googleapis.com [omitted]
[debug] [2026-03-29T13:08:49.536Z] <<< [apiv2][status] GET https://serviceusage.googleapis.com/v1/projects/studio-5170287541-f2fb7/services/ 403
[debug] [2026-03-29T13:08:49.536Z] <<< [apiv2][body] GET https://serviceusage.googleapis.com/v1/projects/studio-5170287541-f2fb7/services/ [omitted]
[debug] [2026-03-29T22:04:18.237Z] Checked if tokens are valid: false, expires at: 1774793304338
[debug] [2026-03-29T22:04:18.257Z] Checked if tokens are valid: false, expires at: 1774793304338
[debug] [2026-03-29T22:04:18.258Z] > refreshing access token with scopes: []
[debug] [2026-03-29T22:04:18.266Z] >>> [apiv2][query] POST https://www.googleapis.com/oauth2/v3/token [none]
[debug] [2026-03-29T22:04:18.267Z] >>> [apiv2][body] POST https://www.googleapis.com/oauth2/v3/token [omitted]
[debug] [2026-03-29T22:04:18.411Z] Checked if tokens are valid: false, expires at: 1774793304338
[debug] [2026-03-29T22:04:18.411Z] Checked if tokens are valid: false, expires at: 1774793304338
[debug] [2026-03-29T22:04:18.412Z] > refreshing access token with scopes: []
[debug] [2026-03-29T22:04:18.414Z] >>> [apiv2][query] POST https://www.googleapis.com/oauth2/v3/token [none]
[debug] [2026-03-29T22:04:18.415Z] >>> [apiv2][body] POST https://www.googleapis.com/oauth2/v3/token [omitted]
[debug] [2026-03-29T22:04:18.427Z] Checked if tokens are valid: false, expires at: 1774793304338
[debug] [2026-03-29T22:04:18.427Z] Checked if tokens are valid: false, expires at: 1774793304338
[debug] [2026-03-29T22:04:18.428Z] > refreshing access token with scopes: []
[debug] [2026-03-29T22:04:18.429Z] >>> [apiv2][query] POST https://www.googleapis.com/oauth2/v3/token [none]
[debug] [2026-03-29T22:04:18.429Z] >>> [apiv2][body] POST https://www.googleapis.com/oauth2/v3/token [omitted]
[debug] [2026-03-29T22:04:18.435Z] Checked if tokens are valid: false, expires at: 1774793304338
[debug] [2026-03-29T22:04:18.436Z] Checked if tokens are valid: false, expires at: 1774793304338
[debug] [2026-03-29T22:04:18.436Z] > refreshing access token with scopes: []
[debug] [2026-03-29T22:04:18.437Z] >>> [apiv2][query] POST https://www.googleapis.com/oauth2/v3/token [none]
[debug] [2026-03-29T22:04:18.437Z] >>> [apiv2][body] POST https://www.googleapis.com/oauth2/v3/token [omitted]
[debug] [2026-03-29T22:04:18.610Z] <<< [apiv2][status] POST https://www.googleapis.com/oauth2/v3/token 200
[debug] [2026-03-29T22:04:18.611Z] <<< [apiv2][body] POST https://www.googleapis.com/oauth2/v3/token [omitted]
[debug] [2026-03-29T22:04:18.627Z] >>> [apiv2][query] GET https://serviceusage.googleapis.com/v1/projects/studio-5170287541-f2fb7/services/ [none]
[debug] [2026-03-29T22:04:18.627Z] >>> [apiv2][(partial)header] GET https://serviceusage.googleapis.com/v1/projects/studio-5170287541-f2fb7/services/ x-goog-quota-user=projects/studio-5170287541-f2fb7
[debug] [2026-03-29T22:04:18.634Z] <<< [apiv2][status] POST https://www.googleapis.com/oauth2/v3/token 200
[debug] [2026-03-29T22:04:18.635Z] <<< [apiv2][body] POST https://www.googleapis.com/oauth2/v3/token [omitted]
[debug] [2026-03-29T22:04:18.646Z] >>> [apiv2][query] GET https://serviceusage.googleapis.com/v1/projects/studio-5170287541-f2fb7/services/firebasedataconnect.googleapis.com [none]
[debug] [2026-03-29T22:04:18.646Z] >>> [apiv2][(partial)header] GET https://serviceusage.googleapis.com/v1/projects/studio-5170287541-f2fb7/services/firebasedataconnect.googleapis.com x-goog-quota-user=projects/studio-5170287541-f2fb7
[debug] [2026-03-29T22:04:18.652Z] <<< [apiv2][status] POST https://www.googleapis.com/oauth2/v3/token 200
[debug] [2026-03-29T22:04:18.652Z] <<< [apiv2][body] POST https://www.googleapis.com/oauth2/v3/token [omitted]
[debug] [2026-03-29T22:04:18.664Z] >>> [apiv2][query] GET https://serviceusage.googleapis.com/v1/projects/studio-5170287541-f2fb7/services/firebaseio.com [none]
[debug] [2026-03-29T22:04:18.664Z] >>> [apiv2][(partial)header] GET https://serviceusage.googleapis.com/v1/projects/studio-5170287541-f2fb7/services/firebaseio.com x-goog-quota-user=projects/studio-5170287541-f2fb7
[debug] [2026-03-29T22:04:18.667Z] <<< [apiv2][status] POST https://www.googleapis.com/oauth2/v3/token 200
[debug] [2026-03-29T22:04:18.668Z] <<< [apiv2][body] POST https://www.googleapis.com/oauth2/v3/token [omitted]
[debug] [2026-03-29T22:04:18.677Z] >>> [apiv2][query] GET https://serviceusage.googleapis.com/v1/projects/studio-5170287541-f2fb7/services/firebasecrashlytics.googleapis.com [none]
[debug] [2026-03-29T22:04:18.677Z] >>> [apiv2][(partial)header] GET https://serviceusage.googleapis.com/v1/projects/studio-5170287541-f2fb7/services/firebasecrashlytics.googleapis.com x-goog-quota-user=projects/studio-5170287541-f2fb7
[debug] [2026-03-29T22:04:19.641Z] <<< [apiv2][status] GET https://serviceusage.googleapis.com/v1/projects/studio-5170287541-f2fb7/services/firebasecrashlytics.googleapis.com 403
[debug] [2026-03-29T22:04:19.641Z] <<< [apiv2][body] GET https://serviceusage.googleapis.com/v1/projects/studio-5170287541-f2fb7/services/firebasecrashlytics.googleapis.com [omitted]
[debug] [2026-03-29T22:04:19.643Z] <<< [apiv2][status] GET https://serviceusage.googleapis.com/v1/projects/studio-5170287541-f2fb7/services/firebasedataconnect.googleapis.com 403
[debug] [2026-03-29T22:04:19.643Z] <<< [apiv2][body] GET https://serviceusage.googleapis.com/v1/projects/studio-5170287541-f2fb7/services/firebasedataconnect.googleapis.com [omitted]
[debug] [2026-03-29T22:04:19.644Z] <<< [apiv2][status] GET https://serviceusage.googleapis.com/v1/projects/studio-5170287541-f2fb7/services/ 403
[debug] [2026-03-29T22:04:19.645Z] <<< [apiv2][body] GET https://serviceusage.googleapis.com/v1/projects/studio-5170287541-f2fb7/services/ [omitted]
[debug] [2026-03-29T22:04:19.645Z] <<< [apiv2][status] GET https://serviceusage.googleapis.com/v1/projects/studio-5170287541-f2fb7/services/firebaseio.com 403
[debug] [2026-03-29T22:04:19.646Z] <<< [apiv2][body] GET https://serviceusage.googleapis.com/v1/projects/studio-5170287541-f2fb7/services/firebaseio.com [omitted]
[debug] [2026-03-29T22:05:17.531Z] Checked if tokens are valid: true, expires at: 1774825457668
[debug] [2026-03-29T22:05:17.584Z] Checked if tokens are valid: true, expires at: 1774825457668
[debug] [2026-03-29T22:05:17.608Z] Checked if tokens are valid: true, expires at: 1774825457668
[debug] [2026-03-29T22:05:17.609Z] Checked if tokens are valid: true, expires at: 1774825457668
[debug] [2026-03-29T22:05:17.613Z] Checked if tokens are valid: true, expires at: 1774825457668
[debug] [2026-03-29T22:05:17.615Z] Checked if tokens are valid: true, expires at: 1774825457668
[debug] [2026-03-29T22:05:17.618Z] Checked if tokens are valid: true, expires at: 1774825457668
[debug] [2026-03-29T22:05:17.619Z] Checked if tokens are valid: true, expires at: 1774825457668
[debug] [2026-03-29T22:05:17.624Z] >>> [apiv2][query] GET https://serviceusage.googleapis.com/v1/projects/studio-5170287541-f2fb7/services/ [none]
[debug] [2026-03-29T22:05:17.626Z] >>> [apiv2][(partial)header] GET https://serviceusage.googleapis.com/v1/projects/studio-5170287541-f2fb7/services/ x-goog-quota-user=projects/studio-5170287541-f2fb7
[debug] [2026-03-29T22:05:17.733Z] >>> [apiv2][query] GET https://serviceusage.googleapis.com/v1/projects/studio-5170287541-f2fb7/services/firebasedataconnect.googleapis.com [none]
[debug] [2026-03-29T22:05:17.734Z] >>> [apiv2][(partial)header] GET https://serviceusage.googleapis.com/v1/projects/studio-5170287541-f2fb7/services/firebasedataconnect.googleapis.com x-goog-quota-user=projects/studio-5170287541-f2fb7
[debug] [2026-03-29T22:05:17.739Z] >>> [apiv2][query] GET https://serviceusage.googleapis.com/v1/projects/studio-5170287541-f2fb7/services/firebasecrashlytics.googleapis.com [none]
[debug] [2026-03-29T22:05:17.740Z] >>> [apiv2][(partial)header] GET https://serviceusage.googleapis.com/v1/projects/studio-5170287541-f2fb7/services/firebasecrashlytics.googleapis.com x-goog-quota-user=projects/studio-5170287541-f2fb7
[debug] [2026-03-29T22:05:17.743Z] >>> [apiv2][query] GET https://serviceusage.googleapis.com/v1/projects/studio-5170287541-f2fb7/services/firebaseio.com [none]
[debug] [2026-03-29T22:05:17.743Z] >>> [apiv2][(partial)header] GET https://serviceusage.googleapis.com/v1/projects/studio-5170287541-f2fb7/services/firebaseio.com x-goog-quota-user=projects/studio-5170287541-f2fb7
[debug] [2026-03-29T22:05:18.346Z] <<< [apiv2][status] GET https://serviceusage.googleapis.com/v1/projects/studio-5170287541-f2fb7/services/firebasecrashlytics.googleapis.com 403
[debug] [2026-03-29T22:05:18.347Z] <<< [apiv2][body] GET https://serviceusage.googleapis.com/v1/projects/studio-5170287541-f2fb7/services/firebasecrashlytics.googleapis.com [omitted]
[debug] [2026-03-29T22:05:18.637Z] <<< [apiv2][status] GET https://serviceusage.googleapis.com/v1/projects/studio-5170287541-f2fb7/services/firebaseio.com 403
[debug] [2026-03-29T22:05:18.638Z] <<< [apiv2][body] GET https://serviceusage.googleapis.com/v1/projects/studio-5170287541-f2fb7/services/firebaseio.com [omitted]
[debug] [2026-03-29T22:05:18.743Z] <<< [apiv2][status] GET https://serviceusage.googleapis.com/v1/projects/studio-5170287541-f2fb7/services/ 403
[debug] [2026-03-29T22:05:18.743Z] <<< [apiv2][body] GET https://serviceusage.googleapis.com/v1/projects/studio-5170287541-f2fb7/services/ [omitted]
[debug] [2026-03-29T22:05:18.745Z] <<< [apiv2][status] GET https://serviceusage.googleapis.com/v1/projects/studio-5170287541-f2fb7/services/firebasedataconnect.googleapis.com 403
[debug] [2026-03-29T22:05:18.746Z] <<< [apiv2][body] GET https://serviceusage.googleapis.com/v1/projects/studio-5170287541-f2fb7/services/firebasedataconnect.googleapis.com [omitted]
[debug] [2026-03-29T23:08:27.116Z] Checked if tokens are valid: true, expires at: 1774829180923
[debug] [2026-03-29T23:08:27.125Z] Checked if tokens are valid: true, expires at: 1774829180923
[debug] [2026-03-29T23:08:27.128Z] Checked if tokens are valid: true, expires at: 1774829180923
[debug] [2026-03-29T23:08:27.128Z] Checked if tokens are valid: true, expires at: 1774829180923
[debug] [2026-03-29T23:08:27.131Z] Checked if tokens are valid: true, expires at: 1774829180923
[debug] [2026-03-29T23:08:27.132Z] Checked if tokens are valid: true, expires at: 1774829180923
[debug] [2026-03-29T23:08:27.134Z] Checked if tokens are valid: true, expires at: 1774829180923
[debug] [2026-03-29T23:08:27.135Z] Checked if tokens are valid: true, expires at: 1774829180923
[debug] [2026-03-29T23:08:27.139Z] >>> [apiv2][query] GET https://serviceusage.googleapis.com/v1/projects/studio-5170287541-f2fb7/services/ [none]
[debug] [2026-03-29T23:08:27.141Z] >>> [apiv2][(partial)header] GET https://serviceusage.googleapis.com/v1/projects/studio-5170287541-f2fb7/services/ x-goog-quota-user=projects/studio-5170287541-f2fb7
[debug] [2026-03-29T23:08:27.224Z] >>> [apiv2][query] GET https://serviceusage.googleapis.com/v1/projects/studio-5170287541-f2fb7/services/firebasedataconnect.googleapis.com [none]
[debug] [2026-03-29T23:08:27.225Z] >>> [apiv2][(partial)header] GET https://serviceusage.googleapis.com/v1/projects/studio-5170287541-f2fb7/services/firebasedataconnect.googleapis.com x-goog-quota-user=projects/studio-5170287541-f2fb7
[debug] [2026-03-29T23:08:27.230Z] >>> [apiv2][query] GET https://serviceusage.googleapis.com/v1/projects/studio-5170287541-f2fb7/services/firebasecrashlytics.googleapis.com [none]
[debug] [2026-03-29T23:08:27.230Z] >>> [apiv2][(partial)header] GET https://serviceusage.googleapis.com/v1/projects/studio-5170287541-f2fb7/services/firebasecrashlytics.googleapis.com x-goog-quota-user=projects/studio-5170287541-f2fb7
[debug] [2026-03-29T23:08:27.233Z] >>> [apiv2][query] GET https://serviceusage.googleapis.com/v1/projects/studio-5170287541-f2fb7/services/firebaseio.com [none]
[debug] [2026-03-29T23:08:27.234Z] >>> [apiv2][(partial)header] GET https://serviceusage.googleapis.com/v1/projects/studio-5170287541-f2fb7/services/firebaseio.com x-goog-quota-user=projects/studio-5170287541-f2fb7
[debug] [2026-03-29T23:08:28.327Z] <<< [apiv2][status] GET https://serviceusage.googleapis.com/v1/projects/studio-5170287541-f2fb7/services/firebasecrashlytics.googleapis.com 403
[debug] [2026-03-29T23:08:28.328Z] <<< [apiv2][body] GET https://serviceusage.googleapis.com/v1/projects/studio-5170287541-f2fb7/services/firebasecrashlytics.googleapis.com [omitted]
[debug] [2026-03-29T23:08:28.331Z] <<< [apiv2][status] GET https://serviceusage.googleapis.com/v1/projects/studio-5170287541-f2fb7/services/ 403
[debug] [2026-03-29T23:08:28.332Z] <<< [apiv2][body] GET https://serviceusage.googleapis.com/v1/projects/studio-5170287541-f2fb7/services/ [omitted]
[debug] [2026-03-29T23:08:28.334Z] <<< [apiv2][status] GET https://serviceusage.googleapis.com/v1/projects/studio-5170287541-f2fb7/services/firebasedataconnect.googleapis.com 403
[debug] [2026-03-29T23:08:28.334Z] <<< [apiv2][body] GET https://serviceusage.googleapis.com/v1/projects/studio-5170287541-f2fb7/services/firebasedataconnect.googleapis.com [omitted]
[debug] [2026-03-29T23:08:28.337Z] <<< [apiv2][status] GET https://serviceusage.googleapis.com/v1/projects/studio-5170287541-f2fb7/services/firebaseio.com 403
[debug] [2026-03-29T23:08:28.338Z] <<< [apiv2][body] GET https://serviceusage.googleapis.com/v1/projects/studio-5170287541-f2fb7/services/firebaseio.com [omitted]
[debug] [2026-03-29T23:16:25.469Z] Checked if tokens are valid: true, expires at: 1774829180923
[debug] [2026-03-29T23:16:25.481Z] Checked if tokens are valid: true, expires at: 1774829180923
[debug] [2026-03-29T23:16:25.484Z] Checked if tokens are valid: true, expires at: 1774829180923
[debug] [2026-03-29T23:16:25.485Z] Checked if tokens are valid: true, expires at: 1774829180923
[debug] [2026-03-29T23:16:25.488Z] Checked if tokens are valid: true, expires at: 1774829180923
[debug] [2026-03-29T23:16:25.489Z] Checked if tokens are valid: true, expires at: 1774829180923
[debug] [2026-03-29T23:16:25.491Z] Checked if tokens are valid: true, expires at: 1774829180923
[debug] [2026-03-29T23:16:25.492Z] Checked if tokens are valid: true, expires at: 1774829180923
[debug] [2026-03-29T23:16:25.497Z] >>> [apiv2][query] GET https://serviceusage.googleapis.com/v1/projects/studio-5170287541-f2fb7/services/ [none]
[debug] [2026-03-29T23:16:25.498Z] >>> [apiv2][(partial)header] GET https://serviceusage.googleapis.com/v1/projects/studio-5170287541-f2fb7/services/ x-goog-quota-user=projects/studio-5170287541-f2fb7
[debug] [2026-03-29T23:16:25.591Z] >>> [apiv2][query] GET https://serviceusage.googleapis.com/v1/projects/studio-5170287541-f2fb7/services/firebasedataconnect.googleapis.com [none]
[debug] [2026-03-29T23:16:25.592Z] >>> [apiv2][(partial)header] GET https://serviceusage.googleapis.com/v1/projects/studio-5170287541-f2fb7/services/firebasedataconnect.googleapis.com x-goog-quota-user=projects/studio-5170287541-f2fb7
[debug] [2026-03-29T23:16:25.600Z] >>> [apiv2][query] GET https://serviceusage.googleapis.com/v1/projects/studio-5170287541-f2fb7/services/firebasecrashlytics.googleapis.com [none]
[debug] [2026-03-29T23:16:25.601Z] >>> [apiv2][(partial)header] GET https://serviceusage.googleapis.com/v1/projects/studio-5170287541-f2fb7/services/firebasecrashlytics.googleapis.com x-goog-quota-user=projects/studio-5170287541-f2fb7
[debug] [2026-03-29T23:16:25.604Z] >>> [apiv2][query] GET https://serviceusage.googleapis.com/v1/projects/studio-5170287541-f2fb7/services/firebaseio.com [none]
[debug] [2026-03-29T23:16:25.605Z] >>> [apiv2][(partial)header] GET https://serviceusage.googleapis.com/v1/projects/studio-5170287541-f2fb7/services/firebaseio.com x-goog-quota-user=projects/studio-5170287541-f2fb7
[debug] [2026-03-29T23:16:26.618Z] <<< [apiv2][status] GET https://serviceusage.googleapis.com/v1/projects/studio-5170287541-f2fb7/services/firebaseio.com 403
[debug] [2026-03-29T23:16:26.618Z] <<< [apiv2][body] GET https://serviceusage.googleapis.com/v1/projects/studio-5170287541-f2fb7/services/firebaseio.com [omitted]
[debug] [2026-03-29T23:16:26.620Z] <<< [apiv2][status] GET https://serviceusage.googleapis.com/v1/projects/studio-5170287541-f2fb7/services/firebasedataconnect.googleapis.com 403
[debug] [2026-03-29T23:16:26.621Z] <<< [apiv2][body] GET https://serviceusage.googleapis.com/v1/projects/studio-5170287541-f2fb7/services/firebasedataconnect.googleapis.com [omitted]
[debug] [2026-03-29T23:16:26.644Z] <<< [apiv2][status] GET https://serviceusage.googleapis.com/v1/projects/studio-5170287541-f2fb7/services/firebasecrashlytics.googleapis.com 403
[debug] [2026-03-29T23:16:26.644Z] <<< [apiv2][body] GET https://serviceusage.googleapis.com/v1/projects/studio-5170287541-f2fb7/services/firebasecrashlytics.googleapis.com [omitted]
[debug] [2026-03-29T23:16:26.645Z] <<< [apiv2][status] GET https://serviceusage.googleapis.com/v1/projects/studio-5170287541-f2fb7/services/ 403
[debug] [2026-03-29T23:16:26.645Z] <<< [apiv2][body] GET https://serviceusage.googleapis.com/v1/projects/studio-5170287541-f2fb7/services/ [omitted]
[debug] [2026-03-29T23:18:21.964Z] Checked if tokens are valid: true, expires at: 1774829180923
[debug] [2026-03-29T23:18:21.969Z] Checked if tokens are valid: true, expires at: 1774829180923
[debug] [2026-03-29T23:18:21.970Z] Checked if tokens are valid: true, expires at: 1774829180923
[debug] [2026-03-29T23:18:21.970Z] Checked if tokens are valid: true, expires at: 1774829180923
[debug] [2026-03-29T23:18:21.971Z] Checked if tokens are valid: true, expires at: 1774829180923
[debug] [2026-03-29T23:18:21.971Z] Checked if tokens are valid: true, expires at: 1774829180923
[debug] [2026-03-29T23:18:21.972Z] Checked if tokens are valid: true, expires at: 1774829180923
[debug] [2026-03-29T23:18:21.973Z] Checked if tokens are valid: true, expires at: 1774829180923
[debug] [2026-03-29T23:18:21.974Z] >>> [apiv2][query] GET https://serviceusage.googleapis.com/v1/projects/studio-5170287541-f2fb7/services/ [none]
[debug] [2026-03-29T23:18:21.975Z] >>> [apiv2][(partial)header] GET https://serviceusage.googleapis.com/v1/projects/studio-5170287541-f2fb7/services/ x-goog-quota-user=projects/studio-5170287541-f2fb7
[debug] [2026-03-29T23:18:22.009Z] >>> [apiv2][query] GET https://serviceusage.googleapis.com/v1/projects/studio-5170287541-f2fb7/services/firebasedataconnect.googleapis.com [none]
[debug] [2026-03-29T23:18:22.009Z] >>> [apiv2][(partial)header] GET https://serviceusage.googleapis.com/v1/projects/studio-5170287541-f2fb7/services/firebasedataconnect.googleapis.com x-goog-quota-user=projects/studio-5170287541-f2fb7
[debug] [2026-03-29T23:18:22.011Z] >>> [apiv2][query] GET https://serviceusage.googleapis.com/v1/projects/studio-5170287541-f2fb7/services/firebasecrashlytics.googleapis.com [none]
[debug] [2026-03-29T23:18:22.011Z] >>> [apiv2][(partial)header] GET https://serviceusage.googleapis.com/v1/projects/studio-5170287541-f2fb7/services/firebasecrashlytics.googleapis.com x-goog-quota-user=projects/studio-5170287541-f2fb7
[debug] [2026-03-29T23:18:22.013Z] >>> [apiv2][query] GET https://serviceusage.googleapis.com/v1/projects/studio-5170287541-f2fb7/services/firebaseio.com [none]
[debug] [2026-03-29T23:18:22.013Z] >>> [apiv2][(partial)header] GET https://serviceusage.googleapis.com/v1/projects/studio-5170287541-f2fb7/services/firebaseio.com x-goog-quota-user=projects/studio-5170287541-f2fb7
[debug] [2026-03-29T23:18:22.930Z] <<< [apiv2][status] GET https://serviceusage.googleapis.com/v1/projects/studio-5170287541-f2fb7/services/firebaseio.com 403
[debug] [2026-03-29T23:18:22.931Z] <<< [apiv2][body] GET https://serviceusage.googleapis.com/v1/projects/studio-5170287541-f2fb7/services/firebaseio.com [omitted]
[debug] [2026-03-29T23:18:22.932Z] <<< [apiv2][status] GET https://serviceusage.googleapis.com/v1/projects/studio-5170287541-f2fb7/services/firebasecrashlytics.googleapis.com 403
[debug] [2026-03-29T23:18:22.932Z] <<< [apiv2][body] GET https://serviceusage.googleapis.com/v1/projects/studio-5170287541-f2fb7/services/firebasecrashlytics.googleapis.com [omitted]
[debug] [2026-03-29T23:18:22.933Z] <<< [apiv2][status] GET https://serviceusage.googleapis.com/v1/projects/studio-5170287541-f2fb7/services/firebasedataconnect.googleapis.com 403
[debug] [2026-03-29T23:18:22.934Z] <<< [apiv2][body] GET https://serviceusage.googleapis.com/v1/projects/studio-5170287541-f2fb7/services/firebasedataconnect.googleapis.com [omitted]
[debug] [2026-03-29T23:18:22.935Z] <<< [apiv2][status] GET https://serviceusage.googleapis.com/v1/projects/studio-5170287541-f2fb7/services/ 403
[debug] [2026-03-29T23:18:22.935Z] <<< [apiv2][body] GET https://serviceusage.googleapis.com/v1/projects/studio-5170287541-f2fb7/services/ [omitted]
[debug] [2026-03-30T09:20:43.273Z] Checked if tokens are valid: false, expires at: 1774829180923
[debug] [2026-03-30T09:20:43.282Z] Checked if tokens are valid: false, expires at: 1774829180923
[debug] [2026-03-30T09:20:43.283Z] > refreshing access token with scopes: []
[debug] [2026-03-30T09:20:43.291Z] >>> [apiv2][query] POST https://www.googleapis.com/oauth2/v3/token [none]
[debug] [2026-03-30T09:20:43.291Z] >>> [apiv2][body] POST https://www.googleapis.com/oauth2/v3/token [omitted]
[debug] [2026-03-30T09:20:43.380Z] Checked if tokens are valid: false, expires at: 1774829180923
[debug] [2026-03-30T09:20:43.380Z] Checked if tokens are valid: false, expires at: 1774829180923
[debug] [2026-03-30T09:20:43.381Z] > refreshing access token with scopes: []
[debug] [2026-03-30T09:20:43.382Z] >>> [apiv2][query] POST https://www.googleapis.com/oauth2/v3/token [none]
[debug] [2026-03-30T09:20:43.383Z] >>> [apiv2][body] POST https://www.googleapis.com/oauth2/v3/token [omitted]
[debug] [2026-03-30T09:20:43.393Z] Checked if tokens are valid: false, expires at: 1774829180923
[debug] [2026-03-30T09:20:43.393Z] Checked if tokens are valid: false, expires at: 1774829180923
[debug] [2026-03-30T09:20:43.393Z] > refreshing access token with scopes: []
[debug] [2026-03-30T09:20:43.394Z] >>> [apiv2][query] POST https://www.googleapis.com/oauth2/v3/token [none]
[debug] [2026-03-30T09:20:43.395Z] >>> [apiv2][body] POST https://www.googleapis.com/oauth2/v3/token [omitted]
[debug] [2026-03-30T09:20:43.398Z] Checked if tokens are valid: false, expires at: 1774829180923
[debug] [2026-03-30T09:20:43.399Z] Checked if tokens are valid: false, expires at: 1774829180923
[debug] [2026-03-30T09:20:43.399Z] > refreshing access token with scopes: []
[debug] [2026-03-30T09:20:43.400Z] >>> [apiv2][query] POST https://www.googleapis.com/oauth2/v3/token [none]
[debug] [2026-03-30T09:20:43.400Z] >>> [apiv2][body] POST https://www.googleapis.com/oauth2/v3/token [omitted]
[debug] [2026-03-30T09:20:43.613Z] <<< [apiv2][status] POST https://www.googleapis.com/oauth2/v3/token 200
[debug] [2026-03-30T09:20:43.613Z] <<< [apiv2][body] POST https://www.googleapis.com/oauth2/v3/token [omitted]
[debug] [2026-03-30T09:20:43.629Z] >>> [apiv2][query] GET https://serviceusage.googleapis.com/v1/projects/studio-5170287541-f2fb7/services/ [none]
[debug] [2026-03-30T09:20:43.629Z] >>> [apiv2][(partial)header] GET https://serviceusage.googleapis.com/v1/projects/studio-5170287541-f2fb7/services/ x-goog-quota-user=projects/studio-5170287541-f2fb7
[debug] [2026-03-30T09:20:43.646Z] <<< [apiv2][status] POST https://www.googleapis.com/oauth2/v3/token 200
[debug] [2026-03-30T09:20:43.646Z] <<< [apiv2][body] POST https://www.googleapis.com/oauth2/v3/token [omitted]
[debug] [2026-03-30T09:20:43.659Z] >>> [apiv2][query] GET https://serviceusage.googleapis.com/v1/projects/studio-5170287541-f2fb7/services/firebasecrashlytics.googleapis.com [none]
[debug] [2026-03-30T09:20:43.660Z] >>> [apiv2][(partial)header] GET https://serviceusage.googleapis.com/v1/projects/studio-5170287541-f2fb7/services/firebasecrashlytics.googleapis.com x-goog-quota-user=projects/studio-5170287541-f2fb7
[debug] [2026-03-30T09:20:43.667Z] <<< [apiv2][status] POST https://www.googleapis.com/oauth2/v3/token 200
[debug] [2026-03-30T09:20:43.668Z] <<< [apiv2][body] POST https://www.googleapis.com/oauth2/v3/token [omitted]
[debug] [2026-03-30T09:20:43.681Z] >>> [apiv2][query] GET https://serviceusage.googleapis.com/v1/projects/studio-5170287541-f2fb7/services/firebasedataconnect.googleapis.com [none]
[debug] [2026-03-30T09:20:43.682Z] >>> [apiv2][(partial)header] GET https://serviceusage.googleapis.com/v1/projects/studio-5170287541-f2fb7/services/firebasedataconnect.googleapis.com x-goog-quota-user=projects/studio-5170287541-f2fb7
[debug] [2026-03-30T09:20:43.686Z] <<< [apiv2][status] POST https://www.googleapis.com/oauth2/v3/token 200
[debug] [2026-03-30T09:20:43.686Z] <<< [apiv2][body] POST https://www.googleapis.com/oauth2/v3/token [omitted]
[debug] [2026-03-30T09:20:43.698Z] >>> [apiv2][query] GET https://serviceusage.googleapis.com/v1/projects/studio-5170287541-f2fb7/services/firebaseio.com [none]
[debug] [2026-03-30T09:20:43.699Z] >>> [apiv2][(partial)header] GET https://serviceusage.googleapis.com/v1/projects/studio-5170287541-f2fb7/services/firebaseio.com x-goog-quota-user=projects/studio-5170287541-f2fb7
[debug] [2026-03-30T09:20:44.574Z] <<< [apiv2][status] GET https://serviceusage.googleapis.com/v1/projects/studio-5170287541-f2fb7/services/ 403
[debug] [2026-03-30T09:20:44.575Z] <<< [apiv2][body] GET https://serviceusage.googleapis.com/v1/projects/studio-5170287541-f2fb7/services/ [omitted]
[debug] [2026-03-30T09:20:45.394Z] <<< [apiv2][status] GET https://serviceusage.googleapis.com/v1/projects/studio-5170287541-f2fb7/services/firebaseio.com 403
[debug] [2026-03-30T09:20:45.394Z] <<< [apiv2][body] GET https://serviceusage.googleapis.com/v1/projects/studio-5170287541-f2fb7/services/firebaseio.com [omitted]
[debug] [2026-03-30T09:20:45.396Z] <<< [apiv2][status] GET https://serviceusage.googleapis.com/v1/projects/studio-5170287541-f2fb7/services/firebasedataconnect.googleapis.com 403
[debug] [2026-03-30T09:20:45.396Z] <<< [apiv2][body] GET https://serviceusage.googleapis.com/v1/projects/studio-5170287541-f2fb7/services/firebasedataconnect.googleapis.com [omitted]
[debug] [2026-03-30T09:20:45.399Z] <<< [apiv2][status] GET https://serviceusage.googleapis.com/v1/projects/studio-5170287541-f2fb7/services/firebasecrashlytics.googleapis.com 403
[debug] [2026-03-30T09:20:45.399Z] <<< [apiv2][body] GET https://serviceusage.googleapis.com/v1/projects/studio-5170287541-f2fb7/services/firebasecrashlytics.googleapis.com [omitted]
[debug] [2026-03-30T20:55:58.272Z] Checked if tokens are valid: false, expires at: 1774901310258
[debug] [2026-03-30T20:55:58.280Z] Checked if tokens are valid: false, expires at: 1774901310258
[debug] [2026-03-30T20:55:58.282Z] > refreshing access token with scopes: []
[debug] [2026-03-30T20:55:58.289Z] >>> [apiv2][query] POST https://www.googleapis.com/oauth2/v3/token [none]
[debug] [2026-03-30T20:55:58.290Z] >>> [apiv2][body] POST https://www.googleapis.com/oauth2/v3/token [omitted]
[debug] [2026-03-30T20:55:58.372Z] Checked if tokens are valid: false, expires at: 1774901310258
[debug] [2026-03-30T20:55:58.373Z] Checked if tokens are valid: false, expires at: 1774901310258
[debug] [2026-03-30T20:55:58.374Z] > refreshing access token with scopes: []
[debug] [2026-03-30T20:55:58.376Z] >>> [apiv2][query] POST https://www.googleapis.com/oauth2/v3/token [none]
[debug] [2026-03-30T20:55:58.377Z] >>> [apiv2][body] POST https://www.googleapis.com/oauth2/v3/token [omitted]
[debug] [2026-03-30T20:55:58.386Z] Checked if tokens are valid: false, expires at: 1774901310258
[debug] [2026-03-30T20:55:58.386Z] Checked if tokens are valid: false, expires at: 1774901310258
[debug] [2026-03-30T20:55:58.387Z] > refreshing access token with scopes: []
[debug] [2026-03-30T20:55:58.388Z] >>> [apiv2][query] POST https://www.googleapis.com/oauth2/v3/token [none]
[debug] [2026-03-30T20:55:58.388Z] >>> [apiv2][body] POST https://www.googleapis.com/oauth2/v3/token [omitted]
[debug] [2026-03-30T20:55:58.392Z] Checked if tokens are valid: false, expires at: 1774901310258
[debug] [2026-03-30T20:55:58.393Z] Checked if tokens are valid: false, expires at: 1774901310258
[debug] [2026-03-30T20:55:58.393Z] > refreshing access token with scopes: []
[debug] [2026-03-30T20:55:58.393Z] >>> [apiv2][query] POST https://www.googleapis.com/oauth2/v3/token [none]
[debug] [2026-03-30T20:55:58.394Z] >>> [apiv2][body] POST https://www.googleapis.com/oauth2/v3/token [omitted]
[debug] [2026-03-30T20:55:58.628Z] <<< [apiv2][status] POST https://www.googleapis.com/oauth2/v3/token 200
[debug] [2026-03-30T20:55:58.629Z] <<< [apiv2][body] POST https://www.googleapis.com/oauth2/v3/token [omitted]
[debug] [2026-03-30T20:55:58.648Z] >>> [apiv2][query] GET https://serviceusage.googleapis.com/v1/projects/studio-5170287541-f2fb7/services/firebaseio.com [none]
[debug] [2026-03-30T20:55:58.649Z] >>> [apiv2][(partial)header] GET https://serviceusage.googleapis.com/v1/projects/studio-5170287541-f2fb7/services/firebaseio.com x-goog-quota-user=projects/studio-5170287541-f2fb7
[debug] [2026-03-30T20:55:58.654Z] <<< [apiv2][status] POST https://www.googleapis.com/oauth2/v3/token 200
[debug] [2026-03-30T20:55:58.654Z] <<< [apiv2][body] POST https://www.googleapis.com/oauth2/v3/token [omitted]
[debug] [2026-03-30T20:55:58.669Z] >>> [apiv2][query] GET https://serviceusage.googleapis.com/v1/projects/studio-5170287541-f2fb7/services/ [none]
[debug] [2026-03-30T20:55:58.670Z] >>> [apiv2][(partial)header] GET https://serviceusage.googleapis.com/v1/projects/studio-5170287541-f2fb7/services/ x-goog-quota-user=projects/studio-5170287541-f2fb7
[debug] [2026-03-30T20:55:58.676Z] <<< [apiv2][status] POST https://www.googleapis.com/oauth2/v3/token 200
[debug] [2026-03-30T20:55:58.676Z] <<< [apiv2][body] POST https://www.googleapis.com/oauth2/v3/token [omitted]
[debug] [2026-03-30T20:55:58.690Z] >>> [apiv2][query] GET https://serviceusage.googleapis.com/v1/projects/studio-5170287541-f2fb7/services/firebasedataconnect.googleapis.com [none]
[debug] [2026-03-30T20:55:58.690Z] >>> [apiv2][(partial)header] GET https://serviceusage.googleapis.com/v1/projects/studio-5170287541-f2fb7/services/firebasedataconnect.googleapis.com x-goog-quota-user=projects/studio-5170287541-f2fb7
[debug] [2026-03-30T20:55:58.695Z] <<< [apiv2][status] POST https://www.googleapis.com/oauth2/v3/token 200
[debug] [2026-03-30T20:55:58.695Z] <<< [apiv2][body] POST https://www.googleapis.com/oauth2/v3/token [omitted]
[debug] [2026-03-30T20:55:58.708Z] >>> [apiv2][query] GET https://serviceusage.googleapis.com/v1/projects/studio-5170287541-f2fb7/services/firebasecrashlytics.googleapis.com [none]
[debug] [2026-03-30T20:55:58.708Z] >>> [apiv2][(partial)header] GET https://serviceusage.googleapis.com/v1/projects/studio-5170287541-f2fb7/services/firebasecrashlytics.googleapis.com x-goog-quota-user=projects/studio-5170287541-f2fb7
[debug] [2026-03-30T20:55:59.656Z] <<< [apiv2][status] GET https://serviceusage.googleapis.com/v1/projects/studio-5170287541-f2fb7/services/firebasedataconnect.googleapis.com 403
[debug] [2026-03-30T20:55:59.656Z] <<< [apiv2][body] GET https://serviceusage.googleapis.com/v1/projects/studio-5170287541-f2fb7/services/firebasedataconnect.googleapis.com [omitted]
[debug] [2026-03-30T20:55:59.673Z] <<< [apiv2][status] GET https://serviceusage.googleapis.com/v1/projects/studio-5170287541-f2fb7/services/ 403
[debug] [2026-03-30T20:55:59.673Z] <<< [apiv2][body] GET https://serviceusage.googleapis.com/v1/projects/studio-5170287541-f2fb7/services/ [omitted]
[debug] [2026-03-30T20:55:59.675Z] <<< [apiv2][status] GET https://serviceusage.googleapis.com/v1/projects/studio-5170287541-f2fb7/services/firebasecrashlytics.googleapis.com 403
[debug] [2026-03-30T20:55:59.676Z] <<< [apiv2][body] GET https://serviceusage.googleapis.com/v1/projects/studio-5170287541-f2fb7/services/firebasecrashlytics.googleapis.com [omitted]
[debug] [2026-03-30T20:55:59.676Z] <<< [apiv2][status] GET https://serviceusage.googleapis.com/v1/projects/studio-5170287541-f2fb7/services/firebaseio.com 403
[debug] [2026-03-30T20:55:59.676Z] <<< [apiv2][body] GET https://serviceusage.googleapis.com/v1/projects/studio-5170287541-f2fb7/services/firebaseio.com [omitted]
